<?xml version="1.0" encoding="UTF-8"?>
<!-- Generated by org.testng.reporters.JUnitXMLReporter -->
<testsuite hostname="DESKTOP-7SMJUAE" name="Test" tests="6" failures="1" timestamp="16 May 2019 06:42:43 GMT" time="0.087" errors="0">
  <testcase name="TestTwo" time="0.015" classname="retryLogic.TestDemo">
    <skipped/>
  </testcase> <!-- TestTwo -->
  <testcase name="TestTwo" time="0.002" classname="retryLogic.TestDemo">
    <skipped/>
  </testcase> <!-- TestTwo -->
  <testcase name="TestTwo" time="0.008" classname="retryLogic.TestDemo">
    <skipped/>
  </testcase> <!-- TestTwo -->
  <testcase name="TestTwo" time="0.003" classname="retryLogic.TestDemo">
    <failure type="java.lang.AssertionError" message="expected [true] but found [false]">
      <![CDATA[java.lang.AssertionError: expected [true] but found [false]
	at retryLogic.TestDemo.TestTwo(TestDemo.java:16)
... Removed 28 stack frames]]>
    </failure>
  </testcase> <!-- TestTwo -->
  <testcase name="TestOne" time="0.005" classname="retryLogic.TestDemo"/>
  <testcase name="TestThird" time="0.0" classname="retryLogic.TestDemo">
    <skipped/>
  </testcase> <!-- TestThird -->
</testsuite> <!-- Test -->
