<?xml version="1.0" encoding="UTF-8"?>
<!-- Generated by org.testng.reporters.JUnitXMLReporter -->
<testsuite hostname="DESKTOP-7SMJUAE" name="Test2" tests="4" failures="0" timestamp="9 May 2019 16:09:50 GMT" time="0.011" errors="0">
  <testcase name="TestNg4" time="0.001" classname="testNG.PriorityDemo"/>
  <testcase name="TestNg1" time="0.001" classname="testNG.PriorityDemo"/>
  <testcase name="TestNg2" time="0.001" classname="testNG.PriorityDemo"/>
  <testcase name="TestNg3" time="0.001" classname="testNG.PriorityDemo"/>
</testsuite> <!-- Test2 -->
