<?xml version="1.0" encoding="UTF-8"?>
<!-- Generated by org.testng.reporters.JUnitXMLReporter -->
<testsuite hostname="DESKTOP-7SMJUAE" name="ScreensDemoTest" tests="2" failures="2" timestamp="2 May 2019 14:16:31 GMT" time="18.756" errors="0">
  <testcase name="TestOne" time="0.012" classname="listenersDemo.zooplaTest">
    <failure type="java.lang.NullPointerException">
      <![CDATA[java.lang.NullPointerException
	at listenersDemo.zooplaTest.TestOne(zooplaTest.java:20)
... Removed 24 stack frames]]>
    </failure>
  </testcase> <!-- TestOne -->
  <testcase name="TestOne" time="18.744" classname="listenersDemo.zooplaTest">
    <failure type="java.lang.NullPointerException">
      <![CDATA[java.lang.NullPointerException
	at listenersDemo.TeseBase.takeScreens(TeseBase.java:30)
	at listenersDemo.CustomizeListeners.onTestFailure(CustomizeListeners.java:29)
... Removed 21 stack frames]]>
    </failure>
  </testcase> <!-- TestOne -->
</testsuite> <!-- ScreensDemoTest -->
