<?xml version="1.0" encoding="UTF-8"?>
<!-- Generated by org.testng.reporters.JUnitXMLReporter -->
<testsuite hostname="DESKTOP-7SMJUAE" name="Test" tests="7" failures="3" timestamp="14 May 2019 03:49:23 GMT" time="0.018" errors="0">
  <testcase name="testOne1" time="0.001" classname="itestListener.SampleTest"/>
  <testcase name="testOne2" time="0.001" classname="itestListener.SampleTest"/>
  <testcase name="testTwo" time="0.001" classname="itestListener.SampleTest">
    <failure type="java.lang.AssertionError" message="expected [true] but found [false]">
      <![CDATA[java.lang.AssertionError: expected [true] but found [false]
	at itestListener.SampleTest.testTwo(SampleTest.java:37)
... Removed 29 stack frames]]>
    </failure>
  </testcase> <!-- testTwo -->
  <testcase name="testTwo2" time="0.002" classname="itestListener.SampleTest">
    <failure type="java.lang.AssertionError" message="expected [true] but found [false]">
      <![CDATA[java.lang.AssertionError: expected [true] but found [false]
	at itestListener.SampleTest.testTwo2(SampleTest.java:32)
... Removed 29 stack frames]]>
    </failure>
  </testcase> <!-- testTwo2 -->
  <testcase name="testOne" time="0.001" classname="itestListener.SampleTest"/>
  <testcase name="testTwo1" time="0.001" classname="itestListener.SampleTest">
    <failure type="java.lang.AssertionError" message="expected [true] but found [false]">
      <![CDATA[java.lang.AssertionError: expected [true] but found [false]
	at itestListener.SampleTest.testTwo1(SampleTest.java:27)
... Removed 29 stack frames]]>
    </failure>
  </testcase> <!-- testTwo1 -->
  <testcase name="testThree" time="0.0" classname="itestListener.SampleTest">
    <skipped/>
  </testcase> <!-- testThree -->
</testsuite> <!-- Test -->
