<?xml version="1.0" encoding="UTF-8"?>
<!-- Generated by org.testng.reporters.JUnitXMLReporter -->
<testsuite hostname="DESKTOP-7SMJUAE" name="ListenerDemoTest" tests="3" failures="1" timestamp="15 May 2019 09:30:32 GMT" time="0.068" errors="0">
  <testcase name="TestTwo" time="0.013" classname="listenersDemo.ListenerTestDemo">
    <failure type="java.lang.AssertionError" message="expected [true] but found [false]">
      <![CDATA[java.lang.AssertionError: expected [true] but found [false]
	at listenersDemo.ListenerTestDemo.TestTwo(ListenerTestDemo.java:18)
... Removed 28 stack frames]]>
    </failure>
  </testcase> <!-- TestTwo -->
  <testcase name="TestOne" time="0.001" classname="listenersDemo.ListenerTestDemo"/>
  <testcase name="TestThird" time="0.0" classname="listenersDemo.ListenerTestDemo">
    <skipped/>
  </testcase> <!-- TestThird -->
</testsuite> <!-- ListenerDemoTest -->
